Warning[205] C:\PROJECTS\POLI\ARQUITECTURA-DE-COMPUTADORES\TALLERDIVISIONASM.X\MAIN.ASM 1 : Found directive in column 1. (list)
Warning[205] C:\PROJECTS\POLI\ARQUITECTURA-DE-COMPUTADORES\TALLERDIVISIONASM.X\MAIN.ASM 2 : Found directive in column 1. (include)
Warning[205] C:\PROJECTS\POLI\ARQUITECTURA-DE-COMPUTADORES\TALLERDIVISIONASM.X\MAIN.ASM 3 : Found directive in column 1. (errorlevel)
Warning[205] C:\PROJECTS\POLI\ARQUITECTURA-DE-COMPUTADORES\TALLERDIVISIONASM.X\MAIN.ASM 5 : Found directive in column 1. (__CONFIG)
Warning[205] C:\PROJECTS\POLI\ARQUITECTURA-DE-COMPUTADORES\TALLERDIVISIONASM.X\MAIN.ASM 35 : Found directive in column 1. (ORG)
Warning[205] C:\PROJECTS\POLI\ARQUITECTURA-DE-COMPUTADORES\TALLERDIVISIONASM.X\MAIN.ASM 39 : Found directive in column 1. (ORG)
Warning[205] C:\PROJECTS\POLI\ARQUITECTURA-DE-COMPUTADORES\TALLERDIVISIONASM.X\MAIN.ASM 41 : Found directive in column 1. (ORG)
Warning[203] C:\PROJECTS\POLI\ARQUITECTURA-DE-COMPUTADORES\TALLERDIVISIONASM.X\MAIN.ASM 44 : Found opcode in column 1. (CALL)
Warning[207] C:\PROJECTS\POLI\ARQUITECTURA-DE-COMPUTADORES\TALLERDIVISIONASM.X\MAIN.ASM 78 : Found label after column 1. (lLeerDatosWhile)
Warning[207] C:\PROJECTS\POLI\ARQUITECTURA-DE-COMPUTADORES\TALLERDIVISIONASM.X\MAIN.ASM 98 : Found label after column 1. (lLeerDatoDecrementarContador)
Warning[207] C:\PROJECTS\POLI\ARQUITECTURA-DE-COMPUTADORES\TALLERDIVISIONASM.X\MAIN.ASM 126 : Found label after column 1. (lLeerDatosIngresandoOperando2)
Warning[207] C:\PROJECTS\POLI\ARQUITECTURA-DE-COMPUTADORES\TALLERDIVISIONASM.X\MAIN.ASM 130 : Found label after column 1. (lLeerDatosChequearContadorTerminado)
Warning[208] C:\PROJECTS\POLI\ARQUITECTURA-DE-COMPUTADORES\TALLERDIVISIONASM.X\MAIN.ASM 130 : Label truncated at 32 characters. (lLeerDatosChequearContadorTerminado)
Warning[207] C:\PROJECTS\POLI\ARQUITECTURA-DE-COMPUTADORES\TALLERDIVISIONASM.X\MAIN.ASM 140 : Found label after column 1. (lLeerDatosBotonEntradaNoPresionado)
Warning[208] C:\PROJECTS\POLI\ARQUITECTURA-DE-COMPUTADORES\TALLERDIVISIONASM.X\MAIN.ASM 140 : Label truncated at 32 characters. (lLeerDatosBotonEntradaNoPresionado)
Warning[207] C:\PROJECTS\POLI\ARQUITECTURA-DE-COMPUTADORES\TALLERDIVISIONASM.X\MAIN.ASM 142 : Found label after column 1. (lLeerDatosReturn)
Warning[207] C:\PROJECTS\POLI\ARQUITECTURA-DE-COMPUTADORES\TALLERDIVISIONASM.X\MAIN.ASM 156 : Found label after column 1. (lMostrarResultadoClearWDT)
Warning[207] C:\PROJECTS\POLI\ARQUITECTURA-DE-COMPUTADORES\TALLERDIVISIONASM.X\MAIN.ASM 160 : Found label after column 1. (lMostrarResultadoFinLoop)
Warning[207] C:\PROJECTS\POLI\ARQUITECTURA-DE-COMPUTADORES\TALLERDIVISIONASM.X\MAIN.ASM 169 : Found label after column 1. (lMostrarResultadoReturn)
Warning[207] C:\PROJECTS\POLI\ARQUITECTURA-DE-COMPUTADORES\TALLERDIVISIONASM.X\MAIN.ASM 201 : Found label after column 1. (lDivisionEnteraWhile)
Warning[207] C:\PROJECTS\POLI\ARQUITECTURA-DE-COMPUTADORES\TALLERDIVISIONASM.X\MAIN.ASM 207 : Found label after column 1. (lDivisionEnteraInicio)
Warning[207] C:\PROJECTS\POLI\ARQUITECTURA-DE-COMPUTADORES\TALLERDIVISIONASM.X\MAIN.ASM 220 : Found label after column 1. (lDivisionEnteraWhile2)
Warning[207] C:\PROJECTS\POLI\ARQUITECTURA-DE-COMPUTADORES\TALLERDIVISIONASM.X\MAIN.ASM 233 : Found label after column 1. (lDivisionEnteraB)
Warning[207] C:\PROJECTS\POLI\ARQUITECTURA-DE-COMPUTADORES\TALLERDIVISIONASM.X\MAIN.ASM 239 : Found label after column 1. (lDivisionEnteraFin)
Warning[207] C:\PROJECTS\POLI\ARQUITECTURA-DE-COMPUTADORES\TALLERDIVISIONASM.X\MAIN.ASM 242 : Found label after column 1. (lDivisionEnteraReturn)
Warning[207] C:\PROJECTS\POLI\ARQUITECTURA-DE-COMPUTADORES\TALLERDIVISIONASM.X\MAIN.ASM 251 : Found label after column 1. (lLoop50ms)
Warning[205] C:\PROJECTS\POLI\ARQUITECTURA-DE-COMPUTADORES\TALLERDIVISIONASM.X\MAIN.ASM 259 : Found directive in column 1. (END)
