Warning[205] C:\PROJECTS\POLI\ARQUITECTURA-DE-COMPUTADORES\TALLERDIVISIONASM.X\MAIN.ASM 1 : Found directive in column 1. (list)
Warning[205] C:\PROJECTS\POLI\ARQUITECTURA-DE-COMPUTADORES\TALLERDIVISIONASM.X\MAIN.ASM 2 : Found directive in column 1. (include)
Warning[205] C:\PROJECTS\POLI\ARQUITECTURA-DE-COMPUTADORES\TALLERDIVISIONASM.X\MAIN.ASM 3 : Found directive in column 1. (errorlevel)
Warning[205] C:\PROJECTS\POLI\ARQUITECTURA-DE-COMPUTADORES\TALLERDIVISIONASM.X\MAIN.ASM 5 : Found directive in column 1. (__CONFIG)
Warning[205] C:\PROJECTS\POLI\ARQUITECTURA-DE-COMPUTADORES\TALLERDIVISIONASM.X\MAIN.ASM 33 : Found directive in column 1. (ORG)
Warning[205] C:\PROJECTS\POLI\ARQUITECTURA-DE-COMPUTADORES\TALLERDIVISIONASM.X\MAIN.ASM 37 : Found directive in column 1. (ORG)
Warning[203] C:\PROJECTS\POLI\ARQUITECTURA-DE-COMPUTADORES\TALLERDIVISIONASM.X\MAIN.ASM 41 : Found opcode in column 1. (CALL)
Warning[203] C:\PROJECTS\POLI\ARQUITECTURA-DE-COMPUTADORES\TALLERDIVISIONASM.X\MAIN.ASM 42 : Found opcode in column 1. (CLRWDT)
Warning[203] C:\PROJECTS\POLI\ARQUITECTURA-DE-COMPUTADORES\TALLERDIVISIONASM.X\MAIN.ASM 43 : Found opcode in column 1. (CALL)
Warning[203] C:\PROJECTS\POLI\ARQUITECTURA-DE-COMPUTADORES\TALLERDIVISIONASM.X\MAIN.ASM 44 : Found opcode in column 1. (GOTO)
Warning[207] C:\PROJECTS\POLI\ARQUITECTURA-DE-COMPUTADORES\TALLERDIVISIONASM.X\MAIN.ASM 73 : Found label after column 1. (lLeerDatosWhile)
Warning[207] C:\PROJECTS\POLI\ARQUITECTURA-DE-COMPUTADORES\TALLERDIVISIONASM.X\MAIN.ASM 92 : Found label after column 1. (lLeerDatoDecrementarContador)
Warning[207] C:\PROJECTS\POLI\ARQUITECTURA-DE-COMPUTADORES\TALLERDIVISIONASM.X\MAIN.ASM 120 : Found label after column 1. (lLeerDatosIngresandoOperando2)
Warning[207] C:\PROJECTS\POLI\ARQUITECTURA-DE-COMPUTADORES\TALLERDIVISIONASM.X\MAIN.ASM 124 : Found label after column 1. (lLeerDatosChequearContadorTerminado)
Warning[208] C:\PROJECTS\POLI\ARQUITECTURA-DE-COMPUTADORES\TALLERDIVISIONASM.X\MAIN.ASM 124 : Label truncated at 32 characters. (lLeerDatosChequearContadorTerminado)
Warning[207] C:\PROJECTS\POLI\ARQUITECTURA-DE-COMPUTADORES\TALLERDIVISIONASM.X\MAIN.ASM 134 : Found label after column 1. (lLeerDatosBotonEntradaNoPresionado)
Warning[208] C:\PROJECTS\POLI\ARQUITECTURA-DE-COMPUTADORES\TALLERDIVISIONASM.X\MAIN.ASM 134 : Label truncated at 32 characters. (lLeerDatosBotonEntradaNoPresionado)
Warning[207] C:\PROJECTS\POLI\ARQUITECTURA-DE-COMPUTADORES\TALLERDIVISIONASM.X\MAIN.ASM 136 : Found label after column 1. (lLeerDatosReturn)
Warning[207] C:\PROJECTS\POLI\ARQUITECTURA-DE-COMPUTADORES\TALLERDIVISIONASM.X\MAIN.ASM 145 : Found label after column 1. (lMostrarResultadoClearWDT)
Warning[207] C:\PROJECTS\POLI\ARQUITECTURA-DE-COMPUTADORES\TALLERDIVISIONASM.X\MAIN.ASM 150 : Found label after column 1. (lMostrarResultadoFinLoop)
Warning[207] C:\PROJECTS\POLI\ARQUITECTURA-DE-COMPUTADORES\TALLERDIVISIONASM.X\MAIN.ASM 186 : Found label after column 1. (lDivisionEnteraWhile)
Warning[207] C:\PROJECTS\POLI\ARQUITECTURA-DE-COMPUTADORES\TALLERDIVISIONASM.X\MAIN.ASM 192 : Found label after column 1. (lDivisionEnteraInicio)
Warning[207] C:\PROJECTS\POLI\ARQUITECTURA-DE-COMPUTADORES\TALLERDIVISIONASM.X\MAIN.ASM 205 : Found label after column 1. (lDivisionEnteraWhile2)
Warning[207] C:\PROJECTS\POLI\ARQUITECTURA-DE-COMPUTADORES\TALLERDIVISIONASM.X\MAIN.ASM 219 : Found label after column 1. (lDivisionEnteraB)
Warning[207] C:\PROJECTS\POLI\ARQUITECTURA-DE-COMPUTADORES\TALLERDIVISIONASM.X\MAIN.ASM 225 : Found label after column 1. (lDivisionEnteraFin)
Warning[207] C:\PROJECTS\POLI\ARQUITECTURA-DE-COMPUTADORES\TALLERDIVISIONASM.X\MAIN.ASM 228 : Found label after column 1. (lDivisionEnteraReturn)
Warning[207] C:\PROJECTS\POLI\ARQUITECTURA-DE-COMPUTADORES\TALLERDIVISIONASM.X\MAIN.ASM 236 : Found label after column 1. (lLoop50ms)
Warning[205] C:\PROJECTS\POLI\ARQUITECTURA-DE-COMPUTADORES\TALLERDIVISIONASM.X\MAIN.ASM 244 : Found directive in column 1. (END)
